<?xml version="1.0" encoding="UTF-8"?>
<!-- Generated by org.testng.reporters.JUnitXMLReporter -->
<testsuite hostname="DESKTOP-TKK5GPG" name="Create Portfolio-Create New PortFolio-pos-It.2" tests="1" failures="0" timestamp="30 May 2021 14:53:58 GMT" time="0.155" errors="0">
  <testcase name="@BeforeTest beforeTest" time="0.0" classname="com.rediff.hybrid.newtestcases.PortfolioManagement">
    <skipped/>
  </testcase> <!-- @BeforeTest beforeTest -->
  <testcase name="createPortfolio" time="0.0" classname="com.rediff.hybrid.newtestcases.PortfolioManagement">
    <skipped/>
  </testcase> <!-- createPortfolio -->
</testsuite> <!-- Create Portfolio-Create New PortFolio-pos-It.2 -->
