<?xml version="1.0" encoding="UTF-8"?>
<!-- Generated by org.testng.reporters.JUnitXMLReporter -->
<testsuite hostname="DESKTOP-TKK5GPG" name="Delete Portfolio-Delete Existing PortFolio-It.2-Mozilla" tests="1" failures="0" timestamp="29 Oct 2021 00:48:51 GMT" time="0.07" errors="0">
  <testcase name="@BeforeTest beforeTest" time="0.0" classname="com.rediff.hybrid.newtestcases.PortfolioManagement">
    <skipped/>
  </testcase> <!-- @BeforeTest beforeTest -->
  <testcase name="deletePortfolio" time="0.0" classname="com.rediff.hybrid.newtestcases.PortfolioManagement">
    <skipped/>
  </testcase> <!-- deletePortfolio -->
</testsuite> <!-- Delete Portfolio-Delete Existing PortFolio-It.2-Mozilla -->
