<?xml version="1.0" encoding="UTF-8"?>
<!-- Generated by org.testng.reporters.JUnitXMLReporter -->
<testsuite hostname="DESKTOP-TKK5GPG" name="Add New Stock-New Stock-It.1-Chrome" tests="5" failures="0" timestamp="1 Nov 2021 01:40:18 GMT" time="45.171" errors="0">
  <testcase name="selectPortfolio" time="2.338" classname="com.rediff.hybrid.newtestcases.PortfolioManagement"/>
  <testcase name="addNewStock" time="9.16" classname="com.rediff.hybrid.newtestcases.StockManagement"/>
  <testcase name="verifyStockPresent" time="5.465" classname="com.rediff.hybrid.newtestcases.StockManagement"/>
  <testcase name="verifyStockQuantity" time="0.196" classname="com.rediff.hybrid.newtestcases.StockManagement"/>
  <testcase name="verifyTransactionHistory" time="0.851" classname="com.rediff.hybrid.newtestcases.StockManagement"/>
</testsuite> <!-- Add New Stock-New Stock-It.1-Chrome -->
