<?xml version="1.0" encoding="UTF-8"?>
<!-- Generated by org.testng.reporters.JUnitXMLReporter -->
<testsuite hostname="DESKTOP-TKK5GPG" name="Add New Stock-New Stock-It.1-Chrome" tests="5" failures="0" timestamp="4 Mar 2022 14:11:00 GMT" time="39.763" errors="0">
  <testcase name="selectPortfolio" time="2.217" classname="com.rediff.hybrid.newtestcases.PortfolioManagement"/>
  <testcase name="addNewStock" time="11.907" classname="com.rediff.hybrid.newtestcases.StockManagement"/>
  <testcase name="verifyStockPresent" time="5.518" classname="com.rediff.hybrid.newtestcases.StockManagement"/>
  <testcase name="verifyStockQuantity" time="0.162" classname="com.rediff.hybrid.newtestcases.StockManagement"/>
  <testcase name="verifyTransactionHistory" time="1.513" classname="com.rediff.hybrid.newtestcases.StockManagement"/>
</testsuite> <!-- Add New Stock-New Stock-It.1-Chrome -->
