<?xml version="1.0" encoding="UTF-8"?>
<!-- Generated by org.testng.reporters.JUnitXMLReporter -->
<testsuite hostname="DESKTOP-TKK5GPG" name="Modify Stock-Buy Existing Stock-It.1-Chrome" tests="5" failures="0" timestamp="1 Nov 2021 01:41:39 GMT" time="40.903" errors="0">
  <testcase name="selectPortfolio" time="2.218" classname="com.rediff.hybrid.newtestcases.PortfolioManagement"/>
  <testcase name="verifyStockPresent" time="2.277" classname="com.rediff.hybrid.newtestcases.StockManagement"/>
  <testcase name="modifyStock" time="11.92" classname="com.rediff.hybrid.newtestcases.StockManagement"/>
  <testcase name="verifyStockQuantity" time="0.245" classname="com.rediff.hybrid.newtestcases.StockManagement"/>
  <testcase name="verifyTransactionHistory" time="0.855" classname="com.rediff.hybrid.newtestcases.StockManagement"/>
</testsuite> <!-- Modify Stock-Buy Existing Stock-It.1-Chrome -->
