<?xml version="1.0" encoding="UTF-8"?>
<!-- Generated by org.testng.reporters.JUnitXMLReporter -->
<testsuite hostname="DESKTOP-TKK5GPG" name="Modify Stock-Buy Existing Stock-It.2-Chrome" tests="5" failures="0" timestamp="1 Nov 2021 01:41:39 GMT" time="0.032" errors="0">
  <testcase name="@BeforeTest beforeTest" time="0.0" classname="com.rediff.hybrid.newtestcases.PortfolioManagement">
    <skipped/>
  </testcase> <!-- @BeforeTest beforeTest -->
  <testcase name="selectPortfolio" time="0.0" classname="com.rediff.hybrid.newtestcases.PortfolioManagement">
    <skipped/>
  </testcase> <!-- selectPortfolio -->
  <testcase name="verifyStockPresent" time="0.0" classname="com.rediff.hybrid.newtestcases.StockManagement">
    <skipped/>
  </testcase> <!-- verifyStockPresent -->
  <testcase name="modifyStock" time="0.001" classname="com.rediff.hybrid.newtestcases.StockManagement">
    <skipped/>
  </testcase> <!-- modifyStock -->
  <testcase name="verifyStockQuantity" time="0.0" classname="com.rediff.hybrid.newtestcases.StockManagement">
    <skipped/>
  </testcase> <!-- verifyStockQuantity -->
  <testcase name="verifyTransactionHistory" time="0.0" classname="com.rediff.hybrid.newtestcases.StockManagement">
    <skipped/>
  </testcase> <!-- verifyTransactionHistory -->
</testsuite> <!-- Modify Stock-Buy Existing Stock-It.2-Chrome -->
