<?xml version="1.0" encoding="UTF-8"?>
<!-- Generated by org.testng.reporters.JUnitXMLReporter -->
<testsuite hostname="DESKTOP-TKK5GPG" name="Modify Stock-Sell Existing Stock-It.1-Chrome" tests="5" failures="0" timestamp="1 Nov 2021 01:40:58 GMT" time="40.773" errors="0">
  <testcase name="selectPortfolio" time="2.223" classname="com.rediff.hybrid.newtestcases.PortfolioManagement"/>
  <testcase name="verifyStockPresent" time="2.27" classname="com.rediff.hybrid.newtestcases.StockManagement"/>
  <testcase name="modifyStock" time="11.381" classname="com.rediff.hybrid.newtestcases.StockManagement"/>
  <testcase name="verifyStockQuantity" time="0.289" classname="com.rediff.hybrid.newtestcases.StockManagement"/>
  <testcase name="verifyTransactionHistory" time="1.36" classname="com.rediff.hybrid.newtestcases.StockManagement"/>
</testsuite> <!-- Modify Stock-Sell Existing Stock-It.1-Chrome -->
