<?xml version="1.0" encoding="UTF-8"?>
<!-- Generated by org.testng.reporters.JUnitXMLReporter -->
<testsuite hostname="DESKTOP-TKK5GPG" name="Modify Stock-Sell Existing Stock-It.1-Chrome" tests="5" failures="0" timestamp="4 Mar 2022 14:11:36 GMT" time="35.719" errors="0">
  <testcase name="selectPortfolio" time="2.259" classname="com.rediff.hybrid.newtestcases.PortfolioManagement"/>
  <testcase name="verifyStockPresent" time="2.759" classname="com.rediff.hybrid.newtestcases.StockManagement"/>
  <testcase name="modifyStock" time="11.718" classname="com.rediff.hybrid.newtestcases.StockManagement"/>
  <testcase name="verifyStockQuantity" time="0.261" classname="com.rediff.hybrid.newtestcases.StockManagement"/>
  <testcase name="verifyTransactionHistory" time="0.884" classname="com.rediff.hybrid.newtestcases.StockManagement"/>
</testsuite> <!-- Modify Stock-Sell Existing Stock-It.1-Chrome -->
