<?xml version="1.0" encoding="UTF-8"?>
<!-- Generated by org.testng.reporters.JUnitXMLReporter -->
<testsuite hostname="DESKTOP-TKK5GPG" name="Modify Stock-Buy Existing Stock-It.1-Chrome" tests="5" failures="0" timestamp="4 Mar 2022 14:12:13 GMT" time="37.627" errors="0">
  <testcase name="selectPortfolio" time="2.581" classname="com.rediff.hybrid.newtestcases.PortfolioManagement"/>
  <testcase name="verifyStockPresent" time="2.303" classname="com.rediff.hybrid.newtestcases.StockManagement"/>
  <testcase name="modifyStock" time="11.225" classname="com.rediff.hybrid.newtestcases.StockManagement"/>
  <testcase name="verifyStockQuantity" time="3.69" classname="com.rediff.hybrid.newtestcases.StockManagement"/>
  <testcase name="verifyTransactionHistory" time="0.929" classname="com.rediff.hybrid.newtestcases.StockManagement"/>
</testsuite> <!-- Modify Stock-Buy Existing Stock-It.1-Chrome -->
