<?xml version="1.0" encoding="UTF-8"?>
<!-- Generated by org.testng.reporters.JUnitXMLReporter -->
<testsuite hostname="DESKTOP-TKK5GPG" name="Add Portfolio test" tests="2" failures="1" timestamp="28 May 2021 00:13:40 GMT" time="0.072" errors="0">
  <testcase name="@BeforeTest beforeTest" time="0.0" classname="com.rediff.hybrid.newtestcases.PortfolioManagement">
    <failure type="java.lang.NumberFormatException" message="null">
      <![CDATA[java.lang.NumberFormatException: null
	at java.lang.Integer.parseInt(Integer.java:542)
	at java.lang.Integer.parseInt(Integer.java:615)
	at com.rediff.hybrid.base.BaseTest.beforeTest(BaseTest.java:55)
	at runner.TestNGRunner.run(TestNGRunner.java:79)
	at runner.Runner.main(Runner.java:53)
... Removed 20 stack frames]]>
    </failure>
  </testcase> <!-- @BeforeTest beforeTest -->
  <testcase name="createPortfolio" time="0.0" classname="com.rediff.hybrid.newtestcases.PortfolioManagement">
    <skipped/>
  </testcase> <!-- createPortfolio -->
  <testcase name="createPortfolio" time="0.03" classname="com.rediff.hybrid.newtestcases.PortfolioManagement">
    <failure type="java.lang.NullPointerException">
      <![CDATA[java.lang.NullPointerException
	at listeners.MyTestNGListener.onTestSkipped(MyTestNGListener.java:51)
	at runner.TestNGRunner.run(TestNGRunner.java:79)
	at runner.Runner.main(Runner.java:53)
... Removed 19 stack frames]]>
    </failure>
  </testcase> <!-- createPortfolio -->
</testsuite> <!-- Add Portfolio test -->
