<?xml version="1.0" encoding="UTF-8"?>
<testng-results skipped="12" failed="0" total="29" passed="17">
  <reporter-output>
  </reporter-output>
  <suite name="PortFolio Suite" duration-ms="71227" started-at="2021-11-01T01:38:21Z" finished-at="2021-11-01T01:39:32Z">
    <groups>
    </groups>
    <test name="Create Portfolio-Create New PortFolio-pos-It.1-Chrome" duration-ms="43813" started-at="2021-11-01T01:38:21Z" finished-at="2021-11-01T01:39:05Z">
      <class name="com.rediff.hybrid.newtestcases.PortfolioManagement">
        <test-method status="PASS" signature="beforeTest(org.testng.ITestContext)[pri:0, instance:com.rediff.hybrid.newtestcases.PortfolioManagement@649d209a]" name="beforeTest" is-config="true" duration-ms="35603" started-at="2021-10-31T21:38:21Z" finished-at="2021-10-31T21:38:57Z">
          <params>
            <param index="0">
              <value>
                <![CDATA[org.testng.TestRunner@24855019]]>
              </value>
            </param>
          </params>
          <reporter-output>
          </reporter-output>
        </test-method> <!-- beforeTest -->
        <test-method status="PASS" signature="beforeMethod(org.testng.ITestContext)[pri:0, instance:com.rediff.hybrid.newtestcases.PortfolioManagement@649d209a]" name="beforeMethod" is-config="true" duration-ms="0" started-at="2021-10-31T21:38:57Z" finished-at="2021-10-31T21:38:57Z">
          <params>
            <param index="0">
              <value>
                <![CDATA[org.testng.TestRunner@24855019]]>
              </value>
            </param>
          </params>
          <reporter-output>
          </reporter-output>
        </test-method> <!-- beforeMethod -->
        <test-method status="PASS" signature="createPortfolio(org.testng.ITestContext)[pri:0, instance:com.rediff.hybrid.newtestcases.PortfolioManagement@649d209a]" name="createPortfolio" duration-ms="6731" started-at="2021-10-31T21:38:57Z" finished-at="2021-10-31T21:39:03Z">
          <params>
            <param index="0">
              <value>
                <![CDATA[org.testng.TestRunner@24855019]]>
              </value>
            </param>
          </params>
          <reporter-output>
          </reporter-output>
        </test-method> <!-- createPortfolio -->
        <test-method status="PASS" signature="quit(org.testng.ITestContext)[pri:0, instance:com.rediff.hybrid.newtestcases.PortfolioManagement@649d209a]" name="quit" is-config="true" duration-ms="1439" started-at="2021-10-31T21:39:03Z" finished-at="2021-10-31T21:39:05Z">
          <params>
            <param index="0">
              <value>
                <![CDATA[org.testng.TestRunner@24855019]]>
              </value>
            </param>
          </params>
          <reporter-output>
          </reporter-output>
        </test-method> <!-- quit -->
      </class> <!-- com.rediff.hybrid.newtestcases.PortfolioManagement -->
    </test> <!-- Create Portfolio-Create New PortFolio-pos-It.1-Chrome -->
    <test name="Create Portfolio-Create New PortFolio-pos-It.2-Chrome" duration-ms="25" started-at="2021-11-01T01:39:05Z" finished-at="2021-11-01T01:39:05Z">
      <class name="com.rediff.hybrid.newtestcases.PortfolioManagement">
        <test-method status="SKIP" signature="beforeTest(org.testng.ITestContext)[pri:0, instance:com.rediff.hybrid.newtestcases.PortfolioManagement@7e0babb1]" name="beforeTest" is-config="true" duration-ms="0" started-at="2021-10-31T21:39:05Z" finished-at="2021-10-31T21:39:05Z">
          <params>
            <param index="0">
              <value>
                <![CDATA[org.testng.TestRunner@1cefc4b3]]>
              </value>
            </param>
          </params>
          <exception class="org.testng.SkipException">
            <message>
              <![CDATA[Skipping as runmod is N]]>
            </message>
            <full-stacktrace>
              <![CDATA[org.testng.SkipException: Skipping as runmod is N
	at com.rediff.hybrid.base.BaseTest.beforeTest(BaseTest.java:73)
	at sun.reflect.NativeMethodAccessorImpl.invoke0(Native Method)
	at sun.reflect.NativeMethodAccessorImpl.invoke(NativeMethodAccessorImpl.java:62)
	at sun.reflect.DelegatingMethodAccessorImpl.invoke(DelegatingMethodAccessorImpl.java:43)
	at java.lang.reflect.Method.invoke(Method.java:498)
	at org.testng.internal.MethodInvocationHelper.invokeMethod(MethodInvocationHelper.java:100)
	at org.testng.internal.Invoker.invokeConfigurationMethod(Invoker.java:515)
	at org.testng.internal.Invoker.invokeConfigurations(Invoker.java:216)
	at org.testng.internal.Invoker.invokeConfigurations(Invoker.java:143)
	at org.testng.TestRunner.beforeRun(TestRunner.java:631)
	at org.testng.TestRunner.run(TestRunner.java:599)
	at org.testng.SuiteRunner.runTest(SuiteRunner.java:368)
	at org.testng.SuiteRunner.runSequentially(SuiteRunner.java:363)
	at org.testng.SuiteRunner.privateRun(SuiteRunner.java:321)
	at org.testng.SuiteRunner.run(SuiteRunner.java:270)
	at org.testng.SuiteRunnerWorker.runSuite(SuiteRunnerWorker.java:52)
	at org.testng.SuiteRunnerWorker.run(SuiteRunnerWorker.java:86)
	at org.testng.TestNG.runSuitesSequentially(TestNG.java:1284)
	at org.testng.TestNG.runSuitesLocally(TestNG.java:1209)
	at org.testng.TestNG.runSuites(TestNG.java:1124)
	at org.testng.TestNG.run(TestNG.java:1096)
	at runner.TestNGRunner.run(TestNGRunner.java:79)
	at runner.JSONRunner.main(JSONRunner.java:104)
]]>
            </full-stacktrace>
          </exception> <!-- org.testng.SkipException -->
          <reporter-output>
          </reporter-output>
        </test-method> <!-- beforeTest -->
        <test-method status="SKIP" signature="createPortfolio(org.testng.ITestContext)[pri:0, instance:com.rediff.hybrid.newtestcases.PortfolioManagement@7e0babb1]" name="createPortfolio" duration-ms="0" started-at="2021-10-31T21:39:05Z" finished-at="2021-10-31T21:39:05Z">
          <params>
            <param index="0">
              <value>
                <![CDATA[org.testng.TestRunner@1cefc4b3]]>
              </value>
            </param>
          </params>
          <reporter-output>
          </reporter-output>
        </test-method> <!-- createPortfolio -->
        <test-method status="PASS" signature="beforeMethod(org.testng.ITestContext)[pri:0, instance:com.rediff.hybrid.newtestcases.PortfolioManagement@7e0babb1]" name="beforeMethod" is-config="true" duration-ms="0" started-at="2021-10-31T21:39:05Z" finished-at="2021-10-31T21:39:05Z">
          <params>
            <param index="0">
              <value>
                <![CDATA[org.testng.TestRunner@1cefc4b3]]>
              </value>
            </param>
          </params>
          <reporter-output>
          </reporter-output>
        </test-method> <!-- beforeMethod -->
        <test-method status="PASS" signature="quit(org.testng.ITestContext)[pri:0, instance:com.rediff.hybrid.newtestcases.PortfolioManagement@7e0babb1]" name="quit" is-config="true" duration-ms="22" started-at="2021-10-31T21:39:05Z" finished-at="2021-10-31T21:39:05Z">
          <params>
            <param index="0">
              <value>
                <![CDATA[org.testng.TestRunner@1cefc4b3]]>
              </value>
            </param>
          </params>
          <reporter-output>
          </reporter-output>
        </test-method> <!-- quit -->
      </class> <!-- com.rediff.hybrid.newtestcases.PortfolioManagement -->
    </test> <!-- Create Portfolio-Create New PortFolio-pos-It.2-Chrome -->
    <test name="Delete Portfolio-Delete Existing PortFolio-It.1-Chrome" duration-ms="27329" started-at="2021-11-01T01:39:05Z" finished-at="2021-11-01T01:39:32Z">
      <class name="com.rediff.hybrid.newtestcases.PortfolioManagement">
        <test-method status="PASS" signature="beforeTest(org.testng.ITestContext)[pri:0, instance:com.rediff.hybrid.newtestcases.PortfolioManagement@75bd9247]" name="beforeTest" is-config="true" duration-ms="21219" started-at="2021-10-31T21:39:05Z" finished-at="2021-10-31T21:39:26Z">
          <params>
            <param index="0">
              <value>
                <![CDATA[org.testng.TestRunner@697446d4]]>
              </value>
            </param>
          </params>
          <reporter-output>
          </reporter-output>
        </test-method> <!-- beforeTest -->
        <test-method status="PASS" signature="deletePortfolio(org.testng.ITestContext)[pri:0, instance:com.rediff.hybrid.newtestcases.PortfolioManagement@75bd9247]" name="deletePortfolio" duration-ms="5240" started-at="2021-10-31T21:39:26Z" finished-at="2021-10-31T21:39:31Z">
          <params>
            <param index="0">
              <value>
                <![CDATA[org.testng.TestRunner@697446d4]]>
              </value>
            </param>
          </params>
          <reporter-output>
          </reporter-output>
        </test-method> <!-- deletePortfolio -->
        <test-method status="PASS" signature="beforeMethod(org.testng.ITestContext)[pri:0, instance:com.rediff.hybrid.newtestcases.PortfolioManagement@75bd9247]" name="beforeMethod" is-config="true" duration-ms="0" started-at="2021-10-31T21:39:26Z" finished-at="2021-10-31T21:39:26Z">
          <params>
            <param index="0">
              <value>
                <![CDATA[org.testng.TestRunner@697446d4]]>
              </value>
            </param>
          </params>
          <reporter-output>
          </reporter-output>
        </test-method> <!-- beforeMethod -->
        <test-method status="PASS" signature="quit(org.testng.ITestContext)[pri:0, instance:com.rediff.hybrid.newtestcases.PortfolioManagement@75bd9247]" name="quit" is-config="true" duration-ms="869" started-at="2021-10-31T21:39:31Z" finished-at="2021-10-31T21:39:32Z">
          <params>
            <param index="0">
              <value>
                <![CDATA[org.testng.TestRunner@697446d4]]>
              </value>
            </param>
          </params>
          <reporter-output>
          </reporter-output>
        </test-method> <!-- quit -->
      </class> <!-- com.rediff.hybrid.newtestcases.PortfolioManagement -->
    </test> <!-- Delete Portfolio-Delete Existing PortFolio-It.1-Chrome -->
    <test name="Delete Portfolio-Delete Existing PortFolio-It.2-Chrome" duration-ms="23" started-at="2021-11-01T01:39:32Z" finished-at="2021-11-01T01:39:32Z">
      <class name="com.rediff.hybrid.newtestcases.PortfolioManagement">
        <test-method status="SKIP" signature="beforeTest(org.testng.ITestContext)[pri:0, instance:com.rediff.hybrid.newtestcases.PortfolioManagement@3cb5cdba]" name="beforeTest" is-config="true" duration-ms="0" started-at="2021-10-31T21:39:32Z" finished-at="2021-10-31T21:39:32Z">
          <params>
            <param index="0">
              <value>
                <![CDATA[org.testng.TestRunner@138a7441]]>
              </value>
            </param>
          </params>
          <exception class="org.testng.SkipException">
            <message>
              <![CDATA[Skipping as runmod is N]]>
            </message>
            <full-stacktrace>
              <![CDATA[org.testng.SkipException: Skipping as runmod is N
	at com.rediff.hybrid.base.BaseTest.beforeTest(BaseTest.java:73)
	at sun.reflect.NativeMethodAccessorImpl.invoke0(Native Method)
	at sun.reflect.NativeMethodAccessorImpl.invoke(NativeMethodAccessorImpl.java:62)
	at sun.reflect.DelegatingMethodAccessorImpl.invoke(DelegatingMethodAccessorImpl.java:43)
	at java.lang.reflect.Method.invoke(Method.java:498)
	at org.testng.internal.MethodInvocationHelper.invokeMethod(MethodInvocationHelper.java:100)
	at org.testng.internal.Invoker.invokeConfigurationMethod(Invoker.java:515)
	at org.testng.internal.Invoker.invokeConfigurations(Invoker.java:216)
	at org.testng.internal.Invoker.invokeConfigurations(Invoker.java:143)
	at org.testng.TestRunner.beforeRun(TestRunner.java:631)
	at org.testng.TestRunner.run(TestRunner.java:599)
	at org.testng.SuiteRunner.runTest(SuiteRunner.java:368)
	at org.testng.SuiteRunner.runSequentially(SuiteRunner.java:363)
	at org.testng.SuiteRunner.privateRun(SuiteRunner.java:321)
	at org.testng.SuiteRunner.run(SuiteRunner.java:270)
	at org.testng.SuiteRunnerWorker.runSuite(SuiteRunnerWorker.java:52)
	at org.testng.SuiteRunnerWorker.run(SuiteRunnerWorker.java:86)
	at org.testng.TestNG.runSuitesSequentially(TestNG.java:1284)
	at org.testng.TestNG.runSuitesLocally(TestNG.java:1209)
	at org.testng.TestNG.runSuites(TestNG.java:1124)
	at org.testng.TestNG.run(TestNG.java:1096)
	at runner.TestNGRunner.run(TestNGRunner.java:79)
	at runner.JSONRunner.main(JSONRunner.java:104)
]]>
            </full-stacktrace>
          </exception> <!-- org.testng.SkipException -->
          <reporter-output>
          </reporter-output>
        </test-method> <!-- beforeTest -->
        <test-method status="SKIP" signature="deletePortfolio(org.testng.ITestContext)[pri:0, instance:com.rediff.hybrid.newtestcases.PortfolioManagement@3cb5cdba]" name="deletePortfolio" duration-ms="0" started-at="2021-10-31T21:39:32Z" finished-at="2021-10-31T21:39:32Z">
          <params>
            <param index="0">
              <value>
                <![CDATA[org.testng.TestRunner@138a7441]]>
              </value>
            </param>
          </params>
          <reporter-output>
          </reporter-output>
        </test-method> <!-- deletePortfolio -->
        <test-method status="PASS" signature="beforeMethod(org.testng.ITestContext)[pri:0, instance:com.rediff.hybrid.newtestcases.PortfolioManagement@3cb5cdba]" name="beforeMethod" is-config="true" duration-ms="0" started-at="2021-10-31T21:39:32Z" finished-at="2021-10-31T21:39:32Z">
          <params>
            <param index="0">
              <value>
                <![CDATA[org.testng.TestRunner@138a7441]]>
              </value>
            </param>
          </params>
          <reporter-output>
          </reporter-output>
        </test-method> <!-- beforeMethod -->
        <test-method status="PASS" signature="quit(org.testng.ITestContext)[pri:0, instance:com.rediff.hybrid.newtestcases.PortfolioManagement@3cb5cdba]" name="quit" is-config="true" duration-ms="22" started-at="2021-10-31T21:39:32Z" finished-at="2021-10-31T21:39:32Z">
          <params>
            <param index="0">
              <value>
                <![CDATA[org.testng.TestRunner@138a7441]]>
              </value>
            </param>
          </params>
          <reporter-output>
          </reporter-output>
        </test-method> <!-- quit -->
      </class> <!-- com.rediff.hybrid.newtestcases.PortfolioManagement -->
    </test> <!-- Delete Portfolio-Delete Existing PortFolio-It.2-Chrome -->
  </suite> <!-- PortFolio Suite -->
  <suite name="Stock Suite" duration-ms="126948" started-at="2021-11-01T01:39:32Z" finished-at="2021-11-01T01:41:39Z">
    <groups>
    </groups>
    <test name="Add New Stock-New Stock-It.1-Chrome" duration-ms="45171" started-at="2021-11-01T01:39:32Z" finished-at="2021-11-01T01:40:18Z">
      <class name="com.rediff.hybrid.newtestcases.StockManagement">
        <test-method status="PASS" signature="beforeMethod(org.testng.ITestContext)[pri:0, instance:com.rediff.hybrid.newtestcases.StockManagement@1cd072a9]" name="beforeMethod" is-config="true" duration-ms="1" started-at="2021-10-31T21:40:01Z" finished-at="2021-10-31T21:40:01Z">
          <params>
            <param index="0">
              <value>
                <![CDATA[org.testng.TestRunner@23202c31]]>
              </value>
            </param>
          </params>
          <reporter-output>
          </reporter-output>
        </test-method> <!-- beforeMethod -->
        <test-method status="PASS" signature="addNewStock(org.testng.ITestContext)[pri:0, instance:com.rediff.hybrid.newtestcases.StockManagement@1cd072a9]" name="addNewStock" duration-ms="9160" started-at="2021-10-31T21:40:01Z" finished-at="2021-10-31T21:40:10Z">
          <params>
            <param index="0">
              <value>
                <![CDATA[org.testng.TestRunner@23202c31]]>
              </value>
            </param>
          </params>
          <reporter-output>
          </reporter-output>
        </test-method> <!-- addNewStock -->
        <test-method status="PASS" signature="beforeMethod(org.testng.ITestContext)[pri:0, instance:com.rediff.hybrid.newtestcases.StockManagement@1cd072a9]" name="beforeMethod" is-config="true" duration-ms="1" started-at="2021-10-31T21:40:10Z" finished-at="2021-10-31T21:40:10Z">
          <params>
            <param index="0">
              <value>
                <![CDATA[org.testng.TestRunner@23202c31]]>
              </value>
            </param>
          </params>
          <reporter-output>
          </reporter-output>
        </test-method> <!-- beforeMethod -->
        <test-method status="PASS" signature="verifyStockPresent()[pri:0, instance:com.rediff.hybrid.newtestcases.StockManagement@1cd072a9]" name="verifyStockPresent" duration-ms="5465" started-at="2021-10-31T21:40:10Z" finished-at="2021-10-31T21:40:16Z">
          <reporter-output>
          </reporter-output>
        </test-method> <!-- verifyStockPresent -->
        <test-method status="PASS" signature="verifyStockQuantity(java.lang.String, org.testng.ITestContext)[pri:0, instance:com.rediff.hybrid.newtestcases.StockManagement@1cd072a9]" name="verifyStockQuantity" duration-ms="196" started-at="2021-10-31T21:40:16Z" finished-at="2021-10-31T21:40:16Z">
          <params>
            <param index="0">
              <value>
                <![CDATA[addstock]]>
              </value>
            </param>
            <param index="1">
              <value>
                <![CDATA[org.testng.TestRunner@23202c31]]>
              </value>
            </param>
          </params>
          <reporter-output>
          </reporter-output>
        </test-method> <!-- verifyStockQuantity -->
        <test-method status="PASS" signature="beforeMethod(org.testng.ITestContext)[pri:0, instance:com.rediff.hybrid.newtestcases.StockManagement@1cd072a9]" name="beforeMethod" is-config="true" duration-ms="0" started-at="2021-10-31T21:40:16Z" finished-at="2021-10-31T21:40:16Z">
          <params>
            <param index="0">
              <value>
                <![CDATA[org.testng.TestRunner@23202c31]]>
              </value>
            </param>
          </params>
          <reporter-output>
          </reporter-output>
        </test-method> <!-- beforeMethod -->
        <test-method status="PASS" signature="verifyTransactionHistory(java.lang.String, org.testng.ITestContext)[pri:0, instance:com.rediff.hybrid.newtestcases.StockManagement@1cd072a9]" name="verifyTransactionHistory" duration-ms="851" started-at="2021-10-31T21:40:16Z" finished-at="2021-10-31T21:40:17Z">
          <params>
            <param index="0">
              <value>
                <![CDATA[addstock]]>
              </value>
            </param>
            <param index="1">
              <value>
                <![CDATA[org.testng.TestRunner@23202c31]]>
              </value>
            </param>
          </params>
          <reporter-output>
          </reporter-output>
        </test-method> <!-- verifyTransactionHistory -->
        <test-method status="PASS" signature="beforeMethod(org.testng.ITestContext)[pri:0, instance:com.rediff.hybrid.newtestcases.StockManagement@1cd072a9]" name="beforeMethod" is-config="true" duration-ms="0" started-at="2021-10-31T21:40:16Z" finished-at="2021-10-31T21:40:16Z">
          <params>
            <param index="0">
              <value>
                <![CDATA[org.testng.TestRunner@23202c31]]>
              </value>
            </param>
          </params>
          <reporter-output>
          </reporter-output>
        </test-method> <!-- beforeMethod -->
      </class> <!-- com.rediff.hybrid.newtestcases.StockManagement -->
      <class name="com.rediff.hybrid.newtestcases.PortfolioManagement">
        <test-method status="PASS" signature="beforeTest(org.testng.ITestContext)[pri:0, instance:com.rediff.hybrid.newtestcases.PortfolioManagement@e580929]" name="beforeTest" is-config="true" duration-ms="26228" started-at="2021-10-31T21:39:32Z" finished-at="2021-10-31T21:39:59Z">
          <params>
            <param index="0">
              <value>
                <![CDATA[org.testng.TestRunner@23202c31]]>
              </value>
            </param>
          </params>
          <reporter-output>
          </reporter-output>
        </test-method> <!-- beforeTest -->
        <test-method status="PASS" signature="selectPortfolio(org.testng.ITestContext)[pri:0, instance:com.rediff.hybrid.newtestcases.PortfolioManagement@e580929]" name="selectPortfolio" duration-ms="2338" started-at="2021-10-31T21:39:59Z" finished-at="2021-10-31T21:40:01Z">
          <params>
            <param index="0">
              <value>
                <![CDATA[org.testng.TestRunner@23202c31]]>
              </value>
            </param>
          </params>
          <reporter-output>
          </reporter-output>
        </test-method> <!-- selectPortfolio -->
        <test-method status="PASS" signature="beforeMethod(org.testng.ITestContext)[pri:0, instance:com.rediff.hybrid.newtestcases.PortfolioManagement@e580929]" name="beforeMethod" is-config="true" duration-ms="0" started-at="2021-10-31T21:39:59Z" finished-at="2021-10-31T21:39:59Z">
          <params>
            <param index="0">
              <value>
                <![CDATA[org.testng.TestRunner@23202c31]]>
              </value>
            </param>
          </params>
          <reporter-output>
          </reporter-output>
        </test-method> <!-- beforeMethod -->
        <test-method status="PASS" signature="quit(org.testng.ITestContext)[pri:0, instance:com.rediff.hybrid.newtestcases.PortfolioManagement@e580929]" name="quit" is-config="true" duration-ms="925" started-at="2021-10-31T21:40:17Z" finished-at="2021-10-31T21:40:18Z">
          <params>
            <param index="0">
              <value>
                <![CDATA[org.testng.TestRunner@23202c31]]>
              </value>
            </param>
          </params>
          <reporter-output>
          </reporter-output>
        </test-method> <!-- quit -->
      </class> <!-- com.rediff.hybrid.newtestcases.PortfolioManagement -->
    </test> <!-- Add New Stock-New Stock-It.1-Chrome -->
    <test name="Add New Stock-New Stock-It.2-Chrome" duration-ms="41" started-at="2021-11-01T01:40:18Z" finished-at="2021-11-01T01:40:18Z">
      <class name="com.rediff.hybrid.newtestcases.StockManagement">
        <test-method status="PASS" signature="beforeMethod(org.testng.ITestContext)[pri:0, instance:com.rediff.hybrid.newtestcases.StockManagement@49e4cb85]" name="beforeMethod" is-config="true" duration-ms="0" started-at="2021-10-31T21:40:18Z" finished-at="2021-10-31T21:40:18Z">
          <params>
            <param index="0">
              <value>
                <![CDATA[org.testng.TestRunner@31133b6e]]>
              </value>
            </param>
          </params>
          <reporter-output>
          </reporter-output>
        </test-method> <!-- beforeMethod -->
        <test-method status="PASS" signature="beforeMethod(org.testng.ITestContext)[pri:0, instance:com.rediff.hybrid.newtestcases.StockManagement@49e4cb85]" name="beforeMethod" is-config="true" duration-ms="0" started-at="2021-10-31T21:40:18Z" finished-at="2021-10-31T21:40:18Z">
          <params>
            <param index="0">
              <value>
                <![CDATA[org.testng.TestRunner@31133b6e]]>
              </value>
            </param>
          </params>
          <reporter-output>
          </reporter-output>
        </test-method> <!-- beforeMethod -->
        <test-method status="SKIP" signature="addNewStock(org.testng.ITestContext)[pri:0, instance:com.rediff.hybrid.newtestcases.StockManagement@49e4cb85]" name="addNewStock" duration-ms="0" started-at="2021-10-31T21:40:18Z" finished-at="2021-10-31T21:40:18Z">
          <params>
            <param index="0">
              <value>
                <![CDATA[org.testng.TestRunner@31133b6e]]>
              </value>
            </param>
          </params>
          <reporter-output>
          </reporter-output>
        </test-method> <!-- addNewStock -->
        <test-method status="SKIP" signature="verifyStockPresent()[pri:0, instance:com.rediff.hybrid.newtestcases.StockManagement@49e4cb85]" name="verifyStockPresent" duration-ms="0" started-at="2021-10-31T21:40:18Z" finished-at="2021-10-31T21:40:18Z">
          <reporter-output>
          </reporter-output>
        </test-method> <!-- verifyStockPresent -->
        <test-method status="PASS" signature="beforeMethod(org.testng.ITestContext)[pri:0, instance:com.rediff.hybrid.newtestcases.StockManagement@49e4cb85]" name="beforeMethod" is-config="true" duration-ms="0" started-at="2021-10-31T21:40:18Z" finished-at="2021-10-31T21:40:18Z">
          <params>
            <param index="0">
              <value>
                <![CDATA[org.testng.TestRunner@31133b6e]]>
              </value>
            </param>
          </params>
          <reporter-output>
          </reporter-output>
        </test-method> <!-- beforeMethod -->
        <test-method status="SKIP" signature="verifyStockQuantity(java.lang.String, org.testng.ITestContext)[pri:0, instance:com.rediff.hybrid.newtestcases.StockManagement@49e4cb85]" name="verifyStockQuantity" duration-ms="0" started-at="2021-10-31T21:40:18Z" finished-at="2021-10-31T21:40:18Z">
          <params>
            <param index="0">
              <value>
                <![CDATA[addstock]]>
              </value>
            </param>
            <param index="1">
              <value>
                <![CDATA[org.testng.TestRunner@31133b6e]]>
              </value>
            </param>
          </params>
          <reporter-output>
          </reporter-output>
        </test-method> <!-- verifyStockQuantity -->
        <test-method status="SKIP" signature="verifyTransactionHistory(java.lang.String, org.testng.ITestContext)[pri:0, instance:com.rediff.hybrid.newtestcases.StockManagement@49e4cb85]" name="verifyTransactionHistory" duration-ms="0" started-at="2021-10-31T21:40:18Z" finished-at="2021-10-31T21:40:18Z">
          <params>
            <param index="0">
              <value>
                <![CDATA[addstock]]>
              </value>
            </param>
            <param index="1">
              <value>
                <![CDATA[org.testng.TestRunner@31133b6e]]>
              </value>
            </param>
          </params>
          <reporter-output>
          </reporter-output>
        </test-method> <!-- verifyTransactionHistory -->
        <test-method status="PASS" signature="beforeMethod(org.testng.ITestContext)[pri:0, instance:com.rediff.hybrid.newtestcases.StockManagement@49e4cb85]" name="beforeMethod" is-config="true" duration-ms="0" started-at="2021-10-31T21:40:18Z" finished-at="2021-10-31T21:40:18Z">
          <params>
            <param index="0">
              <value>
                <![CDATA[org.testng.TestRunner@31133b6e]]>
              </value>
            </param>
          </params>
          <reporter-output>
          </reporter-output>
        </test-method> <!-- beforeMethod -->
      </class> <!-- com.rediff.hybrid.newtestcases.StockManagement -->
      <class name="com.rediff.hybrid.newtestcases.PortfolioManagement">
        <test-method status="SKIP" signature="beforeTest(org.testng.ITestContext)[pri:0, instance:com.rediff.hybrid.newtestcases.PortfolioManagement@7c30a502]" name="beforeTest" is-config="true" duration-ms="0" started-at="2021-10-31T21:40:18Z" finished-at="2021-10-31T21:40:18Z">
          <params>
            <param index="0">
              <value>
                <![CDATA[org.testng.TestRunner@31133b6e]]>
              </value>
            </param>
          </params>
          <exception class="org.testng.SkipException">
            <message>
              <![CDATA[Skipping as runmod is N]]>
            </message>
            <full-stacktrace>
              <![CDATA[org.testng.SkipException: Skipping as runmod is N
	at com.rediff.hybrid.base.BaseTest.beforeTest(BaseTest.java:73)
	at sun.reflect.NativeMethodAccessorImpl.invoke0(Native Method)
	at sun.reflect.NativeMethodAccessorImpl.invoke(NativeMethodAccessorImpl.java:62)
	at sun.reflect.DelegatingMethodAccessorImpl.invoke(DelegatingMethodAccessorImpl.java:43)
	at java.lang.reflect.Method.invoke(Method.java:498)
	at org.testng.internal.MethodInvocationHelper.invokeMethod(MethodInvocationHelper.java:100)
	at org.testng.internal.Invoker.invokeConfigurationMethod(Invoker.java:515)
	at org.testng.internal.Invoker.invokeConfigurations(Invoker.java:216)
	at org.testng.internal.Invoker.invokeConfigurations(Invoker.java:143)
	at org.testng.TestRunner.beforeRun(TestRunner.java:631)
	at org.testng.TestRunner.run(TestRunner.java:599)
	at org.testng.SuiteRunner.runTest(SuiteRunner.java:368)
	at org.testng.SuiteRunner.runSequentially(SuiteRunner.java:363)
	at org.testng.SuiteRunner.privateRun(SuiteRunner.java:321)
	at org.testng.SuiteRunner.run(SuiteRunner.java:270)
	at org.testng.SuiteRunnerWorker.runSuite(SuiteRunnerWorker.java:52)
	at org.testng.SuiteRunnerWorker.run(SuiteRunnerWorker.java:86)
	at org.testng.TestNG.runSuitesSequentially(TestNG.java:1284)
	at org.testng.TestNG.runSuitesLocally(TestNG.java:1209)
	at org.testng.TestNG.runSuites(TestNG.java:1124)
	at org.testng.TestNG.run(TestNG.java:1096)
	at runner.TestNGRunner.run(TestNGRunner.java:79)
	at runner.JSONRunner.main(JSONRunner.java:104)
]]>
            </full-stacktrace>
          </exception> <!-- org.testng.SkipException -->
          <reporter-output>
          </reporter-output>
        </test-method> <!-- beforeTest -->
        <test-method status="PASS" signature="beforeMethod(org.testng.ITestContext)[pri:0, instance:com.rediff.hybrid.newtestcases.PortfolioManagement@7c30a502]" name="beforeMethod" is-config="true" duration-ms="1" started-at="2021-10-31T21:40:18Z" finished-at="2021-10-31T21:40:18Z">
          <params>
            <param index="0">
              <value>
                <![CDATA[org.testng.TestRunner@31133b6e]]>
              </value>
            </param>
          </params>
          <reporter-output>
          </reporter-output>
        </test-method> <!-- beforeMethod -->
        <test-method status="SKIP" signature="selectPortfolio(org.testng.ITestContext)[pri:0, instance:com.rediff.hybrid.newtestcases.PortfolioManagement@7c30a502]" name="selectPortfolio" duration-ms="0" started-at="2021-10-31T21:40:18Z" finished-at="2021-10-31T21:40:18Z">
          <params>
            <param index="0">
              <value>
                <![CDATA[org.testng.TestRunner@31133b6e]]>
              </value>
            </param>
          </params>
          <reporter-output>
          </reporter-output>
        </test-method> <!-- selectPortfolio -->
        <test-method status="PASS" signature="quit(org.testng.ITestContext)[pri:0, instance:com.rediff.hybrid.newtestcases.PortfolioManagement@7c30a502]" name="quit" is-config="true" duration-ms="35" started-at="2021-10-31T21:40:18Z" finished-at="2021-10-31T21:40:18Z">
          <params>
            <param index="0">
              <value>
                <![CDATA[org.testng.TestRunner@31133b6e]]>
              </value>
            </param>
          </params>
          <reporter-output>
          </reporter-output>
        </test-method> <!-- quit -->
      </class> <!-- com.rediff.hybrid.newtestcases.PortfolioManagement -->
    </test> <!-- Add New Stock-New Stock-It.2-Chrome -->
    <test name="Modify Stock-Sell Existing Stock-It.1-Chrome" duration-ms="40773" started-at="2021-11-01T01:40:18Z" finished-at="2021-11-01T01:40:58Z">
      <class name="com.rediff.hybrid.newtestcases.StockManagement">
        <test-method status="PASS" signature="beforeMethod(org.testng.ITestContext)[pri:0, instance:com.rediff.hybrid.newtestcases.StockManagement@1e643faf]" name="beforeMethod" is-config="true" duration-ms="1" started-at="2021-10-31T21:40:42Z" finished-at="2021-10-31T21:40:42Z">
          <params>
            <param index="0">
              <value>
                <![CDATA[org.testng.TestRunner@467b684d]]>
              </value>
            </param>
          </params>
          <reporter-output>
          </reporter-output>
        </test-method> <!-- beforeMethod -->
        <test-method status="PASS" signature="verifyStockPresent()[pri:0, instance:com.rediff.hybrid.newtestcases.StockManagement@1e643faf]" name="verifyStockPresent" duration-ms="2270" started-at="2021-10-31T21:40:42Z" finished-at="2021-10-31T21:40:44Z">
          <reporter-output>
          </reporter-output>
        </test-method> <!-- verifyStockPresent -->
        <test-method status="PASS" signature="modifyStock(java.lang.String, org.testng.ITestContext)[pri:0, instance:com.rediff.hybrid.newtestcases.StockManagement@1e643faf]" name="modifyStock" duration-ms="11381" started-at="2021-10-31T21:40:44Z" finished-at="2021-10-31T21:40:56Z">
          <params>
            <param index="0">
              <value>
                <![CDATA[sellstock]]>
              </value>
            </param>
            <param index="1">
              <value>
                <![CDATA[org.testng.TestRunner@467b684d]]>
              </value>
            </param>
          </params>
          <reporter-output>
          </reporter-output>
        </test-method> <!-- modifyStock -->
        <test-method status="PASS" signature="beforeMethod(org.testng.ITestContext)[pri:0, instance:com.rediff.hybrid.newtestcases.StockManagement@1e643faf]" name="beforeMethod" is-config="true" duration-ms="0" started-at="2021-10-31T21:40:44Z" finished-at="2021-10-31T21:40:44Z">
          <params>
            <param index="0">
              <value>
                <![CDATA[org.testng.TestRunner@467b684d]]>
              </value>
            </param>
          </params>
          <reporter-output>
          </reporter-output>
        </test-method> <!-- beforeMethod -->
        <test-method status="PASS" signature="beforeMethod(org.testng.ITestContext)[pri:0, instance:com.rediff.hybrid.newtestcases.StockManagement@1e643faf]" name="beforeMethod" is-config="true" duration-ms="0" started-at="2021-10-31T21:40:56Z" finished-at="2021-10-31T21:40:56Z">
          <params>
            <param index="0">
              <value>
                <![CDATA[org.testng.TestRunner@467b684d]]>
              </value>
            </param>
          </params>
          <reporter-output>
          </reporter-output>
        </test-method> <!-- beforeMethod -->
        <test-method status="PASS" signature="verifyStockQuantity(java.lang.String, org.testng.ITestContext)[pri:0, instance:com.rediff.hybrid.newtestcases.StockManagement@1e643faf]" name="verifyStockQuantity" duration-ms="289" started-at="2021-10-31T21:40:56Z" finished-at="2021-10-31T21:40:56Z">
          <params>
            <param index="0">
              <value>
                <![CDATA[sellstock]]>
              </value>
            </param>
            <param index="1">
              <value>
                <![CDATA[org.testng.TestRunner@467b684d]]>
              </value>
            </param>
          </params>
          <reporter-output>
          </reporter-output>
        </test-method> <!-- verifyStockQuantity -->
        <test-method status="PASS" signature="beforeMethod(org.testng.ITestContext)[pri:0, instance:com.rediff.hybrid.newtestcases.StockManagement@1e643faf]" name="beforeMethod" is-config="true" duration-ms="1" started-at="2021-10-31T21:40:56Z" finished-at="2021-10-31T21:40:56Z">
          <params>
            <param index="0">
              <value>
                <![CDATA[org.testng.TestRunner@467b684d]]>
              </value>
            </param>
          </params>
          <reporter-output>
          </reporter-output>
        </test-method> <!-- beforeMethod -->
        <test-method status="PASS" signature="verifyTransactionHistory(java.lang.String, org.testng.ITestContext)[pri:0, instance:com.rediff.hybrid.newtestcases.StockManagement@1e643faf]" name="verifyTransactionHistory" duration-ms="1360" started-at="2021-10-31T21:40:56Z" finished-at="2021-10-31T21:40:57Z">
          <params>
            <param index="0">
              <value>
                <![CDATA[sellstock]]>
              </value>
            </param>
            <param index="1">
              <value>
                <![CDATA[org.testng.TestRunner@467b684d]]>
              </value>
            </param>
          </params>
          <reporter-output>
          </reporter-output>
        </test-method> <!-- verifyTransactionHistory -->
      </class> <!-- com.rediff.hybrid.newtestcases.StockManagement -->
      <class name="com.rediff.hybrid.newtestcases.PortfolioManagement">
        <test-method status="PASS" signature="beforeTest(org.testng.ITestContext)[pri:0, instance:com.rediff.hybrid.newtestcases.PortfolioManagement@3b6eb2ec]" name="beforeTest" is-config="true" duration-ms="22370" started-at="2021-10-31T21:40:18Z" finished-at="2021-10-31T21:40:40Z">
          <params>
            <param index="0">
              <value>
                <![CDATA[org.testng.TestRunner@467b684d]]>
              </value>
            </param>
          </params>
          <reporter-output>
          </reporter-output>
        </test-method> <!-- beforeTest -->
        <test-method status="PASS" signature="beforeMethod(org.testng.ITestContext)[pri:0, instance:com.rediff.hybrid.newtestcases.PortfolioManagement@3b6eb2ec]" name="beforeMethod" is-config="true" duration-ms="0" started-at="2021-10-31T21:40:40Z" finished-at="2021-10-31T21:40:40Z">
          <params>
            <param index="0">
              <value>
                <![CDATA[org.testng.TestRunner@467b684d]]>
              </value>
            </param>
          </params>
          <reporter-output>
          </reporter-output>
        </test-method> <!-- beforeMethod -->
        <test-method status="PASS" signature="selectPortfolio(org.testng.ITestContext)[pri:0, instance:com.rediff.hybrid.newtestcases.PortfolioManagement@3b6eb2ec]" name="selectPortfolio" duration-ms="2223" started-at="2021-10-31T21:40:40Z" finished-at="2021-10-31T21:40:42Z">
          <params>
            <param index="0">
              <value>
                <![CDATA[org.testng.TestRunner@467b684d]]>
              </value>
            </param>
          </params>
          <reporter-output>
          </reporter-output>
        </test-method> <!-- selectPortfolio -->
        <test-method status="PASS" signature="quit(org.testng.ITestContext)[pri:0, instance:com.rediff.hybrid.newtestcases.PortfolioManagement@3b6eb2ec]" name="quit" is-config="true" duration-ms="875" started-at="2021-10-31T21:40:57Z" finished-at="2021-10-31T21:40:58Z">
          <params>
            <param index="0">
              <value>
                <![CDATA[org.testng.TestRunner@467b684d]]>
              </value>
            </param>
          </params>
          <reporter-output>
          </reporter-output>
        </test-method> <!-- quit -->
      </class> <!-- com.rediff.hybrid.newtestcases.PortfolioManagement -->
    </test> <!-- Modify Stock-Sell Existing Stock-It.1-Chrome -->
    <test name="Modify Stock-Buy Existing Stock-It.1-Chrome" duration-ms="40903" started-at="2021-11-01T01:40:58Z" finished-at="2021-11-01T01:41:39Z">
      <class name="com.rediff.hybrid.newtestcases.StockManagement">
        <test-method status="PASS" signature="verifyStockPresent()[pri:0, instance:com.rediff.hybrid.newtestcases.StockManagement@7f63425a]" name="verifyStockPresent" duration-ms="2277" started-at="2021-10-31T21:41:23Z" finished-at="2021-10-31T21:41:25Z">
          <reporter-output>
          </reporter-output>
        </test-method> <!-- verifyStockPresent -->
        <test-method status="PASS" signature="beforeMethod(org.testng.ITestContext)[pri:0, instance:com.rediff.hybrid.newtestcases.StockManagement@7f63425a]" name="beforeMethod" is-config="true" duration-ms="0" started-at="2021-10-31T21:41:23Z" finished-at="2021-10-31T21:41:23Z">
          <params>
            <param index="0">
              <value>
                <![CDATA[org.testng.TestRunner@1fedf0a4]]>
              </value>
            </param>
          </params>
          <reporter-output>
          </reporter-output>
        </test-method> <!-- beforeMethod -->
        <test-method status="PASS" signature="modifyStock(java.lang.String, org.testng.ITestContext)[pri:0, instance:com.rediff.hybrid.newtestcases.StockManagement@7f63425a]" name="modifyStock" duration-ms="11920" started-at="2021-10-31T21:41:25Z" finished-at="2021-10-31T21:41:37Z">
          <params>
            <param index="0">
              <value>
                <![CDATA[addstock]]>
              </value>
            </param>
            <param index="1">
              <value>
                <![CDATA[org.testng.TestRunner@1fedf0a4]]>
              </value>
            </param>
          </params>
          <reporter-output>
          </reporter-output>
        </test-method> <!-- modifyStock -->
        <test-method status="PASS" signature="beforeMethod(org.testng.ITestContext)[pri:0, instance:com.rediff.hybrid.newtestcases.StockManagement@7f63425a]" name="beforeMethod" is-config="true" duration-ms="0" started-at="2021-10-31T21:41:25Z" finished-at="2021-10-31T21:41:25Z">
          <params>
            <param index="0">
              <value>
                <![CDATA[org.testng.TestRunner@1fedf0a4]]>
              </value>
            </param>
          </params>
          <reporter-output>
          </reporter-output>
        </test-method> <!-- beforeMethod -->
        <test-method status="PASS" signature="beforeMethod(org.testng.ITestContext)[pri:0, instance:com.rediff.hybrid.newtestcases.StockManagement@7f63425a]" name="beforeMethod" is-config="true" duration-ms="1" started-at="2021-10-31T21:41:37Z" finished-at="2021-10-31T21:41:37Z">
          <params>
            <param index="0">
              <value>
                <![CDATA[org.testng.TestRunner@1fedf0a4]]>
              </value>
            </param>
          </params>
          <reporter-output>
          </reporter-output>
        </test-method> <!-- beforeMethod -->
        <test-method status="PASS" signature="verifyStockQuantity(java.lang.String, org.testng.ITestContext)[pri:0, instance:com.rediff.hybrid.newtestcases.StockManagement@7f63425a]" name="verifyStockQuantity" duration-ms="245" started-at="2021-10-31T21:41:37Z" finished-at="2021-10-31T21:41:37Z">
          <params>
            <param index="0">
              <value>
                <![CDATA[addstock]]>
              </value>
            </param>
            <param index="1">
              <value>
                <![CDATA[org.testng.TestRunner@1fedf0a4]]>
              </value>
            </param>
          </params>
          <reporter-output>
          </reporter-output>
        </test-method> <!-- verifyStockQuantity -->
        <test-method status="PASS" signature="verifyTransactionHistory(java.lang.String, org.testng.ITestContext)[pri:0, instance:com.rediff.hybrid.newtestcases.StockManagement@7f63425a]" name="verifyTransactionHistory" duration-ms="855" started-at="2021-10-31T21:41:37Z" finished-at="2021-10-31T21:41:38Z">
          <params>
            <param index="0">
              <value>
                <![CDATA[addstock]]>
              </value>
            </param>
            <param index="1">
              <value>
                <![CDATA[org.testng.TestRunner@1fedf0a4]]>
              </value>
            </param>
          </params>
          <reporter-output>
          </reporter-output>
        </test-method> <!-- verifyTransactionHistory -->
        <test-method status="PASS" signature="beforeMethod(org.testng.ITestContext)[pri:0, instance:com.rediff.hybrid.newtestcases.StockManagement@7f63425a]" name="beforeMethod" is-config="true" duration-ms="0" started-at="2021-10-31T21:41:37Z" finished-at="2021-10-31T21:41:37Z">
          <params>
            <param index="0">
              <value>
                <![CDATA[org.testng.TestRunner@1fedf0a4]]>
              </value>
            </param>
          </params>
          <reporter-output>
          </reporter-output>
        </test-method> <!-- beforeMethod -->
      </class> <!-- com.rediff.hybrid.newtestcases.StockManagement -->
      <class name="com.rediff.hybrid.newtestcases.PortfolioManagement">
        <test-method status="PASS" signature="beforeTest(org.testng.ITestContext)[pri:0, instance:com.rediff.hybrid.newtestcases.PortfolioManagement@3f3afe78]" name="beforeTest" is-config="true" duration-ms="22424" started-at="2021-10-31T21:40:58Z" finished-at="2021-10-31T21:41:21Z">
          <params>
            <param index="0">
              <value>
                <![CDATA[org.testng.TestRunner@1fedf0a4]]>
              </value>
            </param>
          </params>
          <reporter-output>
          </reporter-output>
        </test-method> <!-- beforeTest -->
        <test-method status="PASS" signature="beforeMethod(org.testng.ITestContext)[pri:0, instance:com.rediff.hybrid.newtestcases.PortfolioManagement@3f3afe78]" name="beforeMethod" is-config="true" duration-ms="1" started-at="2021-10-31T21:41:21Z" finished-at="2021-10-31T21:41:21Z">
          <params>
            <param index="0">
              <value>
                <![CDATA[org.testng.TestRunner@1fedf0a4]]>
              </value>
            </param>
          </params>
          <reporter-output>
          </reporter-output>
        </test-method> <!-- beforeMethod -->
        <test-method status="PASS" signature="selectPortfolio(org.testng.ITestContext)[pri:0, instance:com.rediff.hybrid.newtestcases.PortfolioManagement@3f3afe78]" name="selectPortfolio" duration-ms="2218" started-at="2021-10-31T21:41:21Z" finished-at="2021-10-31T21:41:23Z">
          <params>
            <param index="0">
              <value>
                <![CDATA[org.testng.TestRunner@1fedf0a4]]>
              </value>
            </param>
          </params>
          <reporter-output>
          </reporter-output>
        </test-method> <!-- selectPortfolio -->
        <test-method status="PASS" signature="quit(org.testng.ITestContext)[pri:0, instance:com.rediff.hybrid.newtestcases.PortfolioManagement@3f3afe78]" name="quit" is-config="true" duration-ms="959" started-at="2021-10-31T21:41:38Z" finished-at="2021-10-31T21:41:39Z">
          <params>
            <param index="0">
              <value>
                <![CDATA[org.testng.TestRunner@1fedf0a4]]>
              </value>
            </param>
          </params>
          <reporter-output>
          </reporter-output>
        </test-method> <!-- quit -->
      </class> <!-- com.rediff.hybrid.newtestcases.PortfolioManagement -->
    </test> <!-- Modify Stock-Buy Existing Stock-It.1-Chrome -->
    <test name="Modify Stock-Buy Existing Stock-It.2-Chrome" duration-ms="32" started-at="2021-11-01T01:41:39Z" finished-at="2021-11-01T01:41:39Z">
      <class name="com.rediff.hybrid.newtestcases.StockManagement">
        <test-method status="SKIP" signature="verifyStockPresent()[pri:0, instance:com.rediff.hybrid.newtestcases.StockManagement@57829d67]" name="verifyStockPresent" duration-ms="0" started-at="2021-10-31T21:41:39Z" finished-at="2021-10-31T21:41:39Z">
          <reporter-output>
          </reporter-output>
        </test-method> <!-- verifyStockPresent -->
        <test-method status="PASS" signature="beforeMethod(org.testng.ITestContext)[pri:0, instance:com.rediff.hybrid.newtestcases.StockManagement@57829d67]" name="beforeMethod" is-config="true" duration-ms="0" started-at="2021-10-31T21:41:39Z" finished-at="2021-10-31T21:41:39Z">
          <params>
            <param index="0">
              <value>
                <![CDATA[org.testng.TestRunner@7316523a]]>
              </value>
            </param>
          </params>
          <reporter-output>
          </reporter-output>
        </test-method> <!-- beforeMethod -->
        <test-method status="PASS" signature="beforeMethod(org.testng.ITestContext)[pri:0, instance:com.rediff.hybrid.newtestcases.StockManagement@57829d67]" name="beforeMethod" is-config="true" duration-ms="0" started-at="2021-10-31T21:41:39Z" finished-at="2021-10-31T21:41:39Z">
          <params>
            <param index="0">
              <value>
                <![CDATA[org.testng.TestRunner@7316523a]]>
              </value>
            </param>
          </params>
          <reporter-output>
          </reporter-output>
        </test-method> <!-- beforeMethod -->
        <test-method status="SKIP" signature="modifyStock(java.lang.String, org.testng.ITestContext)[pri:0, instance:com.rediff.hybrid.newtestcases.StockManagement@57829d67]" name="modifyStock" duration-ms="1" started-at="2021-10-31T21:41:39Z" finished-at="2021-10-31T21:41:39Z">
          <params>
            <param index="0">
              <value>
                <![CDATA[addstock]]>
              </value>
            </param>
            <param index="1">
              <value>
                <![CDATA[org.testng.TestRunner@7316523a]]>
              </value>
            </param>
          </params>
          <reporter-output>
          </reporter-output>
        </test-method> <!-- modifyStock -->
        <test-method status="PASS" signature="beforeMethod(org.testng.ITestContext)[pri:0, instance:com.rediff.hybrid.newtestcases.StockManagement@57829d67]" name="beforeMethod" is-config="true" duration-ms="0" started-at="2021-10-31T21:41:39Z" finished-at="2021-10-31T21:41:39Z">
          <params>
            <param index="0">
              <value>
                <![CDATA[org.testng.TestRunner@7316523a]]>
              </value>
            </param>
          </params>
          <reporter-output>
          </reporter-output>
        </test-method> <!-- beforeMethod -->
        <test-method status="PASS" signature="beforeMethod(org.testng.ITestContext)[pri:0, instance:com.rediff.hybrid.newtestcases.StockManagement@57829d67]" name="beforeMethod" is-config="true" duration-ms="0" started-at="2021-10-31T21:41:39Z" finished-at="2021-10-31T21:41:39Z">
          <params>
            <param index="0">
              <value>
                <![CDATA[org.testng.TestRunner@7316523a]]>
              </value>
            </param>
          </params>
          <reporter-output>
          </reporter-output>
        </test-method> <!-- beforeMethod -->
        <test-method status="SKIP" signature="verifyStockQuantity(java.lang.String, org.testng.ITestContext)[pri:0, instance:com.rediff.hybrid.newtestcases.StockManagement@57829d67]" name="verifyStockQuantity" duration-ms="0" started-at="2021-10-31T21:41:39Z" finished-at="2021-10-31T21:41:39Z">
          <params>
            <param index="0">
              <value>
                <![CDATA[addstock]]>
              </value>
            </param>
            <param index="1">
              <value>
                <![CDATA[org.testng.TestRunner@7316523a]]>
              </value>
            </param>
          </params>
          <reporter-output>
          </reporter-output>
        </test-method> <!-- verifyStockQuantity -->
        <test-method status="SKIP" signature="verifyTransactionHistory(java.lang.String, org.testng.ITestContext)[pri:0, instance:com.rediff.hybrid.newtestcases.StockManagement@57829d67]" name="verifyTransactionHistory" duration-ms="0" started-at="2021-10-31T21:41:39Z" finished-at="2021-10-31T21:41:39Z">
          <params>
            <param index="0">
              <value>
                <![CDATA[addstock]]>
              </value>
            </param>
            <param index="1">
              <value>
                <![CDATA[org.testng.TestRunner@7316523a]]>
              </value>
            </param>
          </params>
          <reporter-output>
          </reporter-output>
        </test-method> <!-- verifyTransactionHistory -->
      </class> <!-- com.rediff.hybrid.newtestcases.StockManagement -->
      <class name="com.rediff.hybrid.newtestcases.PortfolioManagement">
        <test-method status="SKIP" signature="beforeTest(org.testng.ITestContext)[pri:0, instance:com.rediff.hybrid.newtestcases.PortfolioManagement@5b464ce8]" name="beforeTest" is-config="true" duration-ms="0" started-at="2021-10-31T21:41:39Z" finished-at="2021-10-31T21:41:39Z">
          <params>
            <param index="0">
              <value>
                <![CDATA[org.testng.TestRunner@7316523a]]>
              </value>
            </param>
          </params>
          <exception class="org.testng.SkipException">
            <message>
              <![CDATA[Skipping as runmod is N]]>
            </message>
            <full-stacktrace>
              <![CDATA[org.testng.SkipException: Skipping as runmod is N
	at com.rediff.hybrid.base.BaseTest.beforeTest(BaseTest.java:73)
	at sun.reflect.NativeMethodAccessorImpl.invoke0(Native Method)
	at sun.reflect.NativeMethodAccessorImpl.invoke(NativeMethodAccessorImpl.java:62)
	at sun.reflect.DelegatingMethodAccessorImpl.invoke(DelegatingMethodAccessorImpl.java:43)
	at java.lang.reflect.Method.invoke(Method.java:498)
	at org.testng.internal.MethodInvocationHelper.invokeMethod(MethodInvocationHelper.java:100)
	at org.testng.internal.Invoker.invokeConfigurationMethod(Invoker.java:515)
	at org.testng.internal.Invoker.invokeConfigurations(Invoker.java:216)
	at org.testng.internal.Invoker.invokeConfigurations(Invoker.java:143)
	at org.testng.TestRunner.beforeRun(TestRunner.java:631)
	at org.testng.TestRunner.run(TestRunner.java:599)
	at org.testng.SuiteRunner.runTest(SuiteRunner.java:368)
	at org.testng.SuiteRunner.runSequentially(SuiteRunner.java:363)
	at org.testng.SuiteRunner.privateRun(SuiteRunner.java:321)
	at org.testng.SuiteRunner.run(SuiteRunner.java:270)
	at org.testng.SuiteRunnerWorker.runSuite(SuiteRunnerWorker.java:52)
	at org.testng.SuiteRunnerWorker.run(SuiteRunnerWorker.java:86)
	at org.testng.TestNG.runSuitesSequentially(TestNG.java:1284)
	at org.testng.TestNG.runSuitesLocally(TestNG.java:1209)
	at org.testng.TestNG.runSuites(TestNG.java:1124)
	at org.testng.TestNG.run(TestNG.java:1096)
	at runner.TestNGRunner.run(TestNGRunner.java:79)
	at runner.JSONRunner.main(JSONRunner.java:104)
]]>
            </full-stacktrace>
          </exception> <!-- org.testng.SkipException -->
          <reporter-output>
          </reporter-output>
        </test-method> <!-- beforeTest -->
        <test-method status="PASS" signature="beforeMethod(org.testng.ITestContext)[pri:0, instance:com.rediff.hybrid.newtestcases.PortfolioManagement@5b464ce8]" name="beforeMethod" is-config="true" duration-ms="1" started-at="2021-10-31T21:41:39Z" finished-at="2021-10-31T21:41:39Z">
          <params>
            <param index="0">
              <value>
                <![CDATA[org.testng.TestRunner@7316523a]]>
              </value>
            </param>
          </params>
          <reporter-output>
          </reporter-output>
        </test-method> <!-- beforeMethod -->
        <test-method status="SKIP" signature="selectPortfolio(org.testng.ITestContext)[pri:0, instance:com.rediff.hybrid.newtestcases.PortfolioManagement@5b464ce8]" name="selectPortfolio" duration-ms="0" started-at="2021-10-31T21:41:39Z" finished-at="2021-10-31T21:41:39Z">
          <params>
            <param index="0">
              <value>
                <![CDATA[org.testng.TestRunner@7316523a]]>
              </value>
            </param>
          </params>
          <reporter-output>
          </reporter-output>
        </test-method> <!-- selectPortfolio -->
        <test-method status="PASS" signature="quit(org.testng.ITestContext)[pri:0, instance:com.rediff.hybrid.newtestcases.PortfolioManagement@5b464ce8]" name="quit" is-config="true" duration-ms="28" started-at="2021-10-31T21:41:39Z" finished-at="2021-10-31T21:41:39Z">
          <params>
            <param index="0">
              <value>
                <![CDATA[org.testng.TestRunner@7316523a]]>
              </value>
            </param>
          </params>
          <reporter-output>
          </reporter-output>
        </test-method> <!-- quit -->
      </class> <!-- com.rediff.hybrid.newtestcases.PortfolioManagement -->
    </test> <!-- Modify Stock-Buy Existing Stock-It.2-Chrome -->
  </suite> <!-- Stock Suite -->
</testng-results>
